<?xml version="1.0" encoding="UTF-8"?>
<!-- Generated by org.testng.reporters.JUnitXMLReporter -->
<testsuite hostname="LAPTOP-ISVREVT8" ignored="10" name="Test functionalities" tests="6" failures="1" timestamp="2021-08-15T22:11:48 IST" time="133.009" errors="0">
  <testcase name="loginToMyStore" time="20.845" classname="co.in.bymat.projectName.moduleName.testCases.LoginToMyStore"/>
  <testcase name="loginToMyStore" time="23.731" classname="co.in.bymat.projectName.moduleName.testCases.LoginToMyStore2"/>
  <testcase name="loginToMyStore" time="17.706" classname="co.in.bymat.projectName.moduleName.testCases.LoginToMyStore3"/>
  <testcase name="loginToMyStore" time="15.811" classname="co.in.bymat.projectName.moduleName.testCases.LoginToMyStore4">
    <failure type="java.lang.IllegalArgumentException" message="Cannot find elements when the XPath is null.">
      <![CDATA[java.lang.IllegalArgumentException: Cannot find elements when the XPath is null.
at org.openqa.selenium.By$ByXPath.<init>(By.java:339)
at org.openqa.selenium.By.xpath(By.java:92)
at co.in.bymat.projectName.moduleName.utility.CommonMethods.getText(CommonMethods.java:37)
at co.in.bymat.projectName.moduleName.testCases.LoginToMyStore4.loginToMyStore(LoginToMyStore4.java:29)
at java.util.ArrayList.forEach(Unknown Source)
... Removed 27 stack frames]]>
    </failure>
  </testcase> <!-- loginToMyStore -->
  <testcase name="loginToMyStore" time="17.348" classname="co.in.bymat.projectName.moduleName.testCases.LoginToMyStore5"/>
  <testcase name="loginToMyStore" time="18.896" classname="co.in.bymat.projectName.moduleName.testCases.LoginToMyStore6"/>
  <testcase name="@BeforeSuite initialisation" time="0.0" classname="co.in.bymat.projectName.moduleName.testBase.TestBase_1">
    <ignored/>
  </testcase> <!-- @BeforeSuite initialisation -->
  <testcase name="@BeforeSuite initialisation" time="0.0" classname="co.in.bymat.projectName.moduleName.testBase.TestBase_1">
    <ignored/>
  </testcase> <!-- @BeforeSuite initialisation -->
  <testcase name="@BeforeSuite initialisation" time="0.0" classname="co.in.bymat.projectName.moduleName.testBase.TestBase_1">
    <ignored/>
  </testcase> <!-- @BeforeSuite initialisation -->
  <testcase name="@BeforeSuite initialisation" time="0.0" classname="co.in.bymat.projectName.moduleName.testBase.TestBase_1">
    <ignored/>
  </testcase> <!-- @BeforeSuite initialisation -->
  <testcase name="@BeforeSuite initialisation" time="0.0" classname="co.in.bymat.projectName.moduleName.testBase.TestBase_1">
    <ignored/>
  </testcase> <!-- @BeforeSuite initialisation -->
  <testcase name="@AfterSuite endReport" time="0.0" classname="co.in.bymat.projectName.moduleName.testBase.TestBase_1">
    <ignored/>
  </testcase> <!-- @AfterSuite endReport -->
  <testcase name="@AfterSuite endReport" time="0.0" classname="co.in.bymat.projectName.moduleName.testBase.TestBase_1">
    <ignored/>
  </testcase> <!-- @AfterSuite endReport -->
  <testcase name="@AfterSuite endReport" time="0.0" classname="co.in.bymat.projectName.moduleName.testBase.TestBase_1">
    <ignored/>
  </testcase> <!-- @AfterSuite endReport -->
  <testcase name="@AfterSuite endReport" time="0.0" classname="co.in.bymat.projectName.moduleName.testBase.TestBase_1">
    <ignored/>
  </testcase> <!-- @AfterSuite endReport -->
  <testcase name="@AfterSuite endReport" time="0.0" classname="co.in.bymat.projectName.moduleName.testBase.TestBase_1">
    <ignored/>
  </testcase> <!-- @AfterSuite endReport -->
</testsuite> <!-- Test functionalities -->
